digraph tree {
	node [label="\N"];
	graph [bb="0,0,238.32,320"];
	0 [pos="47.321,301", width="0.75", height="0.52778"];
	2 [pos="47.321,19", width="0.75", height="0.52778"];
	4 [pos="193.32,19", width="0.75", height="0.52778"];
	1 [pos="47.321,207", width="0.75", height="0.52778"];
	3 [pos="120.32,113", width="0.75", height="0.52778"];
	1 -> 0 [label="  1.0", pos="e,47.321,281.98 47.321,226.32 47.321,239.42 47.321,256.99 47.321,271.79", lp="59.821,254"];
	4 -> 3 [label="  1.0", pos="e,141.94,101.26 189,37.822 185.61,49.645 179.99,64.734 171.32,76 165.66,83.353 158.16,89.895 150.65,95.357", lp="193.82,66"];
	3 -> 4 [label="  1.0", pos="e,205.59,36.106 147,109.97 168.12,106.01 196.31,96.911 210.32,76 216.48,66.805 214.5,55.317 210.12,45.068", lp="225.82,66"];
	3 -> 1 [label="  1.0", pos="e,68.942,195.26 116,131.82 112.61,143.65 106.99,158.73 98.321,170 92.664,177.35 85.157,183.9 77.648,189.36", lp="120.82,160"];
	1 -> 3 [label="  1.0", pos="e,94.35,119.07 43.01,188.17 41.366,176.35 41.312,161.26 48.321,150 56.528,136.82 71.065,128.12 84.938,122.49", lp="60.821,160"];
	3 -> 2 [label="  1.0", pos="e,43.01,37.826 94.35,106.93 78.111,101.65 58.422,92.226 48.321,76 43.174,67.732 41.836,57.398 42.139,47.808", lp="60.821,66"];
	2 -> 3 [label="  1.0", pos="e,116,94.178 68.942,30.745 79,37.109 90.45,45.769 98.321,56 104.75,64.361 109.51,74.829 112.92,84.504", lp="120.82,66"];
	2 -> 1 [label=" 10.0", pos="e,42.469,188.3 42.469,37.697 41.177,43.519 39.963,49.988 39.321,56 33.937,106.38 33.937,119.62 39.321,170 39.612,172.72 40.021,175.54\
 40.5,178.35", lp="50.321,113"];
	0 -> 1 [label="  1.0", pos="e,31.413,222.52 31.413,285.48 26.193,279.34 21.037,271.87 18.321,264 15.42,255.6 15.42,252.4 18.321,244 19.934,239.33 22.407,234.8\
 25.242,230.6", lp="30.821,254"];
	1 -> 2 [label=" 10.0", pos="e,33.991,35.688 33.991,190.31 23.344,175.85 9.2578,153.85 3.3209,132 -1.107,115.7 -1.107,110.3 3.3209,94 8.191,76.074 18.545,58.054\
 27.985,44.171", lp="17.321,113"];
	2 -> 3 [color=blue, pos="e,107.27,96.195 60.505,35.977 71.791,50.509 88.191,71.628 100.97,88.078"];
	3 -> 4 [color=blue, pos="e,180.14,35.977 133.37,96.195 144.62,81.715 161.01,60.603 173.82,44.117"];
	3 -> 1 [color=blue, pos="e,60.372,190.19 107.14,129.98 95.851,144.51 79.45,165.63 66.675,182.08"];
	1 -> 0 [color=blue, pos="e,61.882,284.87 61.882,223.13 66.469,229.23 70.954,236.51 73.321,244 76.001,252.48 76.001,255.52 73.321,264 71.989,268.21 69.988\
,272.36 67.675,276.26"];
}
